#
# A fatal error has been detected by the Java Runtime Environment:
#
#  SIGSEGV (0xb) at pc=0x000000011b3933fd, pid=543, tid=1811
#
# JRE version: Java(TM) SE Runtime Environment (8.0_31-b13) (build 1.8.0_31-b13)
# Java VM: Java HotSpot(TM) 64-Bit Server VM (25.31-b07 mixed mode bsd-amd64 compressed oops)
# Problematic frame:
# C  [libglass.dylib+0x163fd]  GlassScreenDidChangeScreenParameters+0x9d
#
# Failed to write core dump. Core dumps have been disabled. To enable core dumping, try "ulimit -c unlimited" before starting Java again
#
# If you would like to submit a bug report, please visit:
#   http://bugreport.java.com/bugreport/crash.jsp
#

---------------  T H R E A D  ---------------

Current thread is native thread

siginfo: si_signo: 11 (SIGSEGV), si_code: 1 (SEGV_MAPERR), si_addr: 0x0000000000000000

Registers:
RAX=0x000000011b3c5e40, RBX=0x0000000000000000, RCX=0x87007021e9cf97b5, RDX=0x00007f8042e70100
RSP=0x00007fff5c1ea1c0, RBP=0x00007fff5c1ea1d0, RSI=0x00007f8042e00598, RDI=0x0000000000000000
R8 =0x00007fff5c1ea070, R9 =0x00007fff78fdb300, R10=0x0000000000000000, R11=0x0000000000000246
R12=0x00007f8042d2a940, R13=0x00000000000f4268, R14=0x00007f8042e67180, R15=0x00007fff5c1ea310
RIP=0x000000011b3933fd, EFLAGS=0x0000000000010206, ERR=0x0000000000000004
  TRAPNO=0x000000000000000e

Top of Stack: (sp=0x00007fff5c1ea1c0)
0x00007fff5c1ea1c0:   00007fff5c1ea3a0 00007f8042e67180
0x00007fff5c1ea1d0:   00007fff5c1ea1e0 00007fff9249acdc
0x00007fff5c1ea1e0:   00007fff5c1ea540 00007fff9238c244
0x00007fff5c1ea1f0:   00007f804403ba00 0000000000001400
0x00007fff5c1ea200:   0000000103a2d000 00007f8042ffc080
0x00007fff5c1ea210:   0000000000001002 0000000000000900
0x00007fff5c1ea220:   0000000000000004 00007f8042e67180
0x00007fff5c1ea230:   0000000000000000 00007fff5c1ea310
0x00007fff5c1ea240:   0000000000000000 00007f8042e67140
0x00007fff5c1ea250:   00007fff5c1ea390 0000000000000060
0x00007fff5c1ea260:   00000000000f4317 00007f8042faca90
0x00007fff5c1ea270:   00007f8042f319d0 00007f8042d2a940
0x00007fff5c1ea280:   0000000000000001 00000000000f4268
0x00007fff5c1ea290:   00007f8042d2a930 00007fff9460aacb
0x00007fff5c1ea2a0:   0000000000000001 0000000000000001
0x00007fff5c1ea2b0:   0000000000000030 0000000000000001
0x00007fff5c1ea2c0:   00007fff5c1ea2e0 00007fff94610231
0x00007fff5c1ea2d0:   00007fff7a56cdd0 0000000000000000
0x00007fff5c1ea2e0:   00007fff5c1ea300 0000000000000013
0x00007fff5c1ea2f0:   0005620300000000 00007f8042d2a964
0x00007fff5c1ea300:   0000000000000000 00007fff92381d1f
0x00007fff5c1ea310:   00007f8042e67180 00007fff7a56cdd0
0x00007fff5c1ea320:   00007fff5c1ea3a0 00007fff9238a84f
0x00007fff5c1ea330:   00007fff5c1ea3a4 0000000000477001
0x00007fff5c1ea340:   0000000103a30a00 0000000000000002
0x00007fff5c1ea350:   0000000103a2d000 00007f8042fb8bf2
0x00007fff5c1ea360:   0000000000000003 0000000103a31e00
0x00007fff5c1ea370:   00007fff5c1ea460 00007fff946092a2
0x00007fff5c1ea380:   00007f8042d50500 00007fff5c1ea548
0x00007fff5c1ea390:   0000000000000017 0000000000000000
0x00007fff5c1ea3a0:   00000000000f4268 00007fff92382013
0x00007fff5c1ea3b0:   00007fff00000000 00007f8042e4aa50 

Instructions: (pc=0x000000011b3933fd)
0x000000011b3933dd:   89 df 4c 89 f1 41 ff 90 68 04 00 00 48 8d 05 58
0x000000011b3933ed:   29 03 00 48 8b 30 48 8d 05 46 2a 03 00 48 8b 10
0x000000011b3933fd:   48 8b 0b 30 c0 48 89 df ff 91 68 04 00 00 48 8b
0x000000011b39340d:   03 48 89 df ff 50 78 48 85 c0 74 36 49 89 c6 48 

Register to memory mapping:

RAX=0x000000011b3c5e40: jScreenNotifySettingsChanged+0 in /Library/Java/JavaVirtualMachines/jdk1.8.0_31.jdk/Contents/Home/jre/lib/libglass.dylib at 0x000000011b37d000
RBX=0x0000000000000000 is an unknown value
RCX=0x87007021e9cf97b5 is an unknown value
RDX=0x00007f8042e70100 is an unknown value
RSP=0x00007fff5c1ea1c0 is an unknown value
RBP=0x00007fff5c1ea1d0 is an unknown value
RSI=0x00007f8042e00598 is a global jni handle
RDI=0x0000000000000000 is an unknown value
R8 =0x00007fff5c1ea070 is an unknown value
R9 =0x00007fff78fdb300: _thread+0 in /usr/lib/system/libsystem_pthread.dylib at 0x00007fff89cf2000
R10=0x0000000000000000 is an unknown value
R11=0x0000000000000246 is an unknown value
R12=0x00007f8042d2a940 is an unknown value
R13=0x00000000000f4268 is an unknown value
R14=0x00007f8042e67180 is an unknown value
R15=0x00007fff5c1ea310 is an unknown value


Stack: [0x00007fff5b9ed000,0x00007fff5c1ed000],  sp=0x00007fff5c1ea1c0,  free space=8180k
Native frames: (J=compiled Java code, j=interpreted, Vv=VM code, C=native code)
C  [libglass.dylib+0x163fd]  GlassScreenDidChangeScreenParameters+0x9d
C  [CoreFoundation+0x11ecdc]  __CFNOTIFICATIONCENTER_IS_CALLING_OUT_TO_AN_OBSERVER__+0xc
C  [CoreFoundation+0x10244]  _CFXNotificationPost+0xc44
C  [Foundation+0x2c31]  -[NSNotificationCenter postNotificationName:object:userInfo:]+0x42
C  [AppKit+0x36305e]  -[NSApplication _reactToScreenInvalidationImmediately:]+0x17b
C  [AppKit+0x362e9d]  __44-[NSApplication _reactToScreenInvalidation:]_block_invoke+0x4b
C  [CoreFoundation+0x8056c]  __CFRUNLOOP_IS_CALLING_OUT_TO_A_BLOCK__+0xc
C  [CoreFoundation+0x72675]  __CFRunLoopDoBlocks+0x155
C  [CoreFoundation+0x721b6]  __CFRunLoopRun+0x716
C  [CoreFoundation+0x71858]  CFRunLoopRunSpecific+0x128
C  [java+0x56cc]  CreateExecutionEnvironment+0x367
C  [java+0x165c]  JLI_Launch+0x7a0
C  [java+0x768a]  main+0x65
C  [java+0xeb4]  start+0x34


---------------  P R O C E S S  ---------------

VM state:not at safepoint (normal execution)

VM Mutex/Monitor currently owned by a thread: None

Heap:
 PSYoungGen      total 18944K, used 9122K [0x00000007aab00000, 0x00000007ac000000, 0x00000007c0000000)
  eden space 16384K, 43% used [0x00000007aab00000,0x00000007ab204890,0x00000007abb00000)
  from space 2560K, 75% used [0x00000007abb00000,0x00000007abce4030,0x00000007abd80000)
  to   space 2560K, 0% used [0x00000007abd80000,0x00000007abd80000,0x00000007ac000000)
 ParOldGen       total 44032K, used 8K [0x0000000780000000, 0x0000000782b00000, 0x00000007aab00000)
  object space 44032K, 0% used [0x0000000780000000,0x0000000780002000,0x0000000782b00000)
 Metaspace       used 11157K, capacity 11562K, committed 11776K, reserved 1058816K
  class space    used 1410K, capacity 1516K, committed 1536K, reserved 1048576K

Card table byte_map: [0x00000001147e2000,0x00000001149e3000] byte_map_base: 0x0000000110be2000

Marking Bits: (ParMarkBitMap*) 0x0000000104c9e410
 Begin Bits: [0x0000000114f45000, 0x0000000115f45000)
 End Bits:   [0x0000000115f45000, 0x0000000116f45000)

Polling page: 0x0000000103b6a000

CodeCache: size=245760Kb used=5947Kb max_used=5963Kb free=239812Kb
 bounds [0x0000000105422000, 0x0000000105a02000, 0x0000000114422000]
 total_blobs=2406 nmethods=1843 adapters=477
 compilation: enabled

Compilation events (10 events):
Event: 68.868 Thread 0x00007f8044823800 1839       4       java.lang.invoke.LambdaForm$DMH/1300109446::invokeStatic_L_L (14 bytes)
Event: 68.870 Thread 0x00007f8044823800 nmethod 1839 0x00000001059eabd0 code [0x00000001059ead20, 0x00000001059eadc8]
Event: 70.752 Thread 0x00007f804302f800 1840       4       java.lang.invoke.LambdaForm$MH/791452441::linkToTargetMethod (9 bytes)
Event: 70.753 Thread 0x00007f804302f800 nmethod 1840 0x00000001059f0390 code [0x00000001059f04e0, 0x00000001059f0598]
Event: 145.224 Thread 0x00007f8044823800 1841   !   4       com.sun.javafx.application.PlatformImpl::runLater (100 bytes)
Event: 145.264 Thread 0x00007f8044823800 nmethod 1841 0x00000001059f6590 code [0x00000001059f68e0, 0x00000001059f8308]
Event: 149.147 Thread 0x00007f804302f800 1842       4       javafx.application.Platform::runLater (5 bytes)
Event: 149.149 Thread 0x00007f804302f800 nmethod 1842 0x00000001059c61d0 code [0x00000001059c6320, 0x00000001059c6388]
Event: 165.787 Thread 0x00007f8044823800 1843       4       CarPane$$Lambda$63/1555802562::get$Lambda (9 bytes)
Event: 165.788 Thread 0x00007f8044823800 nmethod 1843 0x00000001059f00d0 code [0x00000001059f0220, 0x00000001059f02f8]

GC Heap History (2 events):
Event: 0.803 GC heap before
{Heap before GC invocations=1 (full 0):
 PSYoungGen      total 18944K, used 16384K [0x00000007aab00000, 0x00000007ac000000, 0x00000007c0000000)
  eden space 16384K, 100% used [0x00000007aab00000,0x00000007abb00000,0x00000007abb00000)
  from space 2560K, 0% used [0x00000007abd80000,0x00000007abd80000,0x00000007ac000000)
  to   space 2560K, 0% used [0x00000007abb00000,0x00000007abb00000,0x00000007abd80000)
 ParOldGen       total 44032K, used 0K [0x0000000780000000, 0x0000000782b00000, 0x00000007aab00000)
  object space 44032K, 0% used [0x0000000780000000,0x0000000780000000,0x0000000782b00000)
 Metaspace       used 9324K, capacity 9670K, committed 9856K, reserved 1058816K
  class space    used 1254K, capacity 1374K, committed 1408K, reserved 1048576K
Event: 0.807 GC heap after
Heap after GC invocations=1 (full 0):
 PSYoungGen      total 18944K, used 1936K [0x00000007aab00000, 0x00000007ac000000, 0x00000007c0000000)
  eden space 16384K, 0% used [0x00000007aab00000,0x00000007aab00000,0x00000007abb00000)
  from space 2560K, 75% used [0x00000007abb00000,0x00000007abce4030,0x00000007abd80000)
  to   space 2560K, 0% used [0x00000007abd80000,0x00000007abd80000,0x00000007ac000000)
 ParOldGen       total 44032K, used 8K [0x0000000780000000, 0x0000000782b00000, 0x00000007aab00000)
  object space 44032K, 0% used [0x0000000780000000,0x0000000780002000,0x0000000782b00000)
 Metaspace       used 9324K, capacity 9670K, committed 9856K, reserved 1058816K
  class space    used 1254K, capacity 1374K, committed 1408K, reserved 1048576K
}

Deoptimization events (3 events):
Event: 41.623 Thread 0x00007f80438bc000 Uncommon trap: reason=class_check action=maybe_recompile pc=0x000000010574b988 method=java.util.HashMap.getNode(ILjava/lang/Object;)Ljava/util/HashMap$Node; @ 126
Event: 41.968 Thread 0x00007f80438bc000 Uncommon trap: reason=bimorphic action=maybe_recompile pc=0x00000001059d5584 method=javafx.beans.property.DoublePropertyBase.markInvalid()V @ 13
Event: 41.971 Thread 0x00007f80438bc000 Uncommon trap: reason=unreached action=reinterpret pc=0x000000010595b24c method=com.sun.javafx.collections.ListListenerHelper.fireValueChangedEvent(Lcom/sun/javafx/collections/ListListenerHelper;Ljavafx/collections/ListChangeListener$Change;)V @ 1

Internal exceptions (10 events):
Event: 0.216 Thread 0x00007f8043809000 Exception <a 'java/security/PrivilegedActionException'> (0x00000007aadacdc8) thrown at [/Users/java_re/workspace/8-2-build-macosx-x86_64/jdk8u31/2394/hotspot/src/share/vm/prims/jvm.cpp, line 1312]
Event: 0.216 Thread 0x00007f8043809000 Exception <a 'java/security/PrivilegedActionException'> (0x00000007aadacf80) thrown at [/Users/java_re/workspace/8-2-build-macosx-x86_64/jdk8u31/2394/hotspot/src/share/vm/prims/jvm.cpp, line 1312]
Event: 0.216 Thread 0x00007f8043809000 Exception <a 'java/lang/NullPointerException'> (0x00000007aadae898) thrown at [/Users/java_re/workspace/8-2-build-macosx-x86_64/jdk8u31/2394/hotspot/src/share/vm/interpreter/linkResolver.cpp, line 1178]
Event: 0.501 Thread 0x00007f80438bc000 Exception <a 'java/security/PrivilegedActionException'> (0x00000007ab0c3410) thrown at [/Users/java_re/workspace/8-2-build-macosx-x86_64/jdk8u31/2394/hotspot/src/share/vm/prims/jvm.cpp, line 1312]
Event: 0.587 Thread 0x00007f80438bc000 Exception <a 'java/lang/NullPointerException'> (0x00000007ab56eaf8) thrown at [/Users/java_re/workspace/8-2-build-macosx-x86_64/jdk8u31/2394/hotspot/src/share/vm/interpreter/linkResolver.cpp, line 1178]
Event: 0.587 Thread 0x00007f80438bc000 Exception <a 'java/lang/NullPointerException'> (0x00000007ab56eaf8) thrown at [/Users/java_re/workspace/8-2-build-macosx-x86_64/jdk8u31/2394/hotspot/src/share/vm/prims/jvm.cpp, line 1316]
Event: 0.714 Thread 0x00007f80438bc000 Exception <a 'java/security/PrivilegedActionException'> (0x00000007ab9c5808) thrown at [/Users/java_re/workspace/8-2-build-macosx-x86_64/jdk8u31/2394/hotspot/src/share/vm/prims/jvm.cpp, line 1312]
Event: 0.717 Thread 0x00007f80438bc000 Exception <a 'java/security/PrivilegedActionException'> (0x00000007ab9dcc58) thrown at [/Users/java_re/workspace/8-2-build-macosx-x86_64/jdk8u31/2394/hotspot/src/share/vm/prims/jvm.cpp, line 1312]
Event: 0.718 Thread 0x00007f80438bc000 Exception <a 'java/security/PrivilegedActionException'> (0x00000007ab9fece0) thrown at [/Users/java_re/workspace/8-2-build-macosx-x86_64/jdk8u31/2394/hotspot/src/share/vm/prims/jvm.cpp, line 1312]
Event: 41.971 Thread 0x00007f80438bc000 Implicit null exception at 0x000000010595aad7 to 0x000000010595b23d

Events (10 events):
Event: 41.972 loading class javafx/application/Application done
Event: 41.974 loading class com/sun/javafx/tk/quantum/QuantumRenderer
Event: 41.974 loading class com/sun/javafx/tk/quantum/QuantumRenderer done
Event: 41.975 loading class com/sun/javafx/tk/quantum/QuantumToolkit
Event: 41.975 loading class com/sun/javafx/tk/quantum/QuantumToolkit done
Event: 41.975 Thread 0x00007f80448b1000 Thread exited: 0x00007f80448b1000
Event: 41.975 Thread 0x00007f8044914000 Thread exited: 0x00007f8044914000
Event: 41.975 Thread 0x00007f8043809000 Thread exited: 0x00007f8043809000
Event: 41.975 Thread 0x00007f8043809000 Thread added: 0x00007f8043809000
Event: 41.975 Thread 0x00007f80438bc000 Thread exited: 0x00007f80438bc000


Dynamic libraries:
0x0000000008ced000 	/System/Library/Frameworks/Cocoa.framework/Versions/A/Cocoa
0x0000000008ced000 	/System/Library/Frameworks/Security.framework/Versions/A/Security
0x0000000008ced000 	/System/Library/Frameworks/ApplicationServices.framework/Versions/A/ApplicationServices
0x0000000008ced000 	/usr/lib/libz.1.dylib
0x0000000008ced000 	/usr/lib/libSystem.B.dylib
0x0000000008ced000 	/usr/lib/libobjc.A.dylib
0x0000000008ced000 	/System/Library/Frameworks/CoreFoundation.framework/Versions/A/CoreFoundation
0x0000000008ced000 	/System/Library/Frameworks/Foundation.framework/Versions/C/Foundation
0x0000000008ced000 	/System/Library/Frameworks/AppKit.framework/Versions/C/AppKit
0x0000000008ced000 	/System/Library/Frameworks/CoreData.framework/Versions/A/CoreData
0x0000000008ced000 	/System/Library/PrivateFrameworks/RemoteViewServices.framework/Versions/A/RemoteViewServices
0x0000000008ced000 	/System/Library/PrivateFrameworks/UIFoundation.framework/Versions/A/UIFoundation
0x0000000008ced000 	/System/Library/Frameworks/IOSurface.framework/Versions/A/IOSurface
0x0000000008ced000 	/System/Library/Frameworks/AudioToolbox.framework/Versions/A/AudioToolbox
0x0000000008ced000 	/System/Library/Frameworks/AudioUnit.framework/Versions/A/AudioUnit
0x0000000008ced000 	/System/Library/PrivateFrameworks/DataDetectorsCore.framework/Versions/A/DataDetectorsCore
0x0000000008ced000 	/System/Library/PrivateFrameworks/DesktopServicesPriv.framework/Versions/A/DesktopServicesPriv
0x0000000008ced000 	/System/Library/Frameworks/Carbon.framework/Versions/A/Frameworks/HIToolbox.framework/Versions/A/HIToolbox
0x0000000008ced000 	/System/Library/Frameworks/QuartzCore.framework/Versions/A/QuartzCore
0x0000000008ced000 	/System/Library/Frameworks/Carbon.framework/Versions/A/Frameworks/SpeechRecognition.framework/Versions/A/SpeechRecognition
0x0000000008ced000 	/usr/lib/libauto.dylib
0x0000000008ced000 	/usr/lib/libicucore.A.dylib
0x0000000008ced000 	/usr/lib/libxml2.2.dylib
0x0000000008ced000 	/System/Library/PrivateFrameworks/CoreUI.framework/Versions/A/CoreUI
0x0000000008ced000 	/System/Library/Frameworks/CoreAudio.framework/Versions/A/CoreAudio
0x0000000008ced000 	/System/Library/Frameworks/DiskArbitration.framework/Versions/A/DiskArbitration
0x0000000008ced000 	/usr/lib/liblangid.dylib
0x0000000008ced000 	/System/Library/PrivateFrameworks/MultitouchSupport.framework/Versions/A/MultitouchSupport
0x0000000008ced000 	/System/Library/Frameworks/IOKit.framework/Versions/A/IOKit
0x0000000008ced000 	/usr/lib/libDiagnosticMessagesClient.dylib
0x0000000008ced000 	/System/Library/Frameworks/CoreServices.framework/Versions/A/CoreServices
0x0000000008ced000 	/System/Library/PrivateFrameworks/PerformanceAnalysis.framework/Versions/A/PerformanceAnalysis
0x0000000008ced000 	/System/Library/PrivateFrameworks/GenerationalStorage.framework/Versions/A/GenerationalStorage
0x0000000008ced000 	/System/Library/Frameworks/OpenGL.framework/Versions/A/OpenGL
0x0000000008ced000 	/System/Library/PrivateFrameworks/Sharing.framework/Versions/A/Sharing
0x0000000008ced000 	/System/Library/Frameworks/CoreGraphics.framework/Versions/A/CoreGraphics
0x0000000008ced000 	/System/Library/Frameworks/CoreText.framework/Versions/A/CoreText
0x0000000008ced000 	/System/Library/Frameworks/ImageIO.framework/Versions/A/ImageIO
0x0000000008ced000 	/usr/lib/libextension.dylib
0x0000000008ced000 	/System/Library/PrivateFrameworks/Backup.framework/Versions/A/Backup
0x0000000008ced000 	/usr/lib/libarchive.2.dylib
0x0000000008ced000 	/System/Library/Frameworks/CFNetwork.framework/Versions/A/CFNetwork
0x0000000008ced000 	/System/Library/Frameworks/SystemConfiguration.framework/Versions/A/SystemConfiguration
0x0000000008ced000 	/usr/lib/libCRFSuite.dylib
0x0000000008ced000 	/usr/lib/libc++.1.dylib
0x0000000008ced000 	/usr/lib/libc++abi.dylib
0x0000000008ced000 	/usr/lib/system/libcache.dylib
0x0000000008ced000 	/usr/lib/system/libcommonCrypto.dylib
0x0000000008ced000 	/usr/lib/system/libcompiler_rt.dylib
0x0000000008ced000 	/usr/lib/system/libcopyfile.dylib
0x0000000008ced000 	/usr/lib/system/libcorecrypto.dylib
0x0000000008ced000 	/usr/lib/system/libdispatch.dylib
0x0000000008ced000 	/usr/lib/system/libdyld.dylib
0x0000000008ced000 	/usr/lib/system/libkeymgr.dylib
0x0000000008ced000 	/usr/lib/system/liblaunch.dylib
0x0000000008ced000 	/usr/lib/system/libmacho.dylib
0x0000000008ced000 	/usr/lib/system/libquarantine.dylib
0x0000000008ced000 	/usr/lib/system/libremovefile.dylib
0x0000000008ced000 	/usr/lib/system/libsystem_asl.dylib
0x0000000008ced000 	/usr/lib/system/libsystem_blocks.dylib
0x0000000008ced000 	/usr/lib/system/libsystem_c.dylib
0x0000000008ced000 	/usr/lib/system/libsystem_configuration.dylib
0x0000000008ced000 	/usr/lib/system/libsystem_coreservices.dylib
0x0000000008ced000 	/usr/lib/system/libsystem_coretls.dylib
0x0000000008ced000 	/usr/lib/system/libsystem_dnssd.dylib
0x0000000008ced000 	/usr/lib/system/libsystem_info.dylib
0x0000000008ced000 	/usr/lib/system/libsystem_kernel.dylib
0x0000000008ced000 	/usr/lib/system/libsystem_m.dylib
0x0000000008ced000 	/usr/lib/system/libsystem_malloc.dylib
0x0000000008ced000 	/usr/lib/system/libsystem_network.dylib
0x0000000008ced000 	/usr/lib/system/libsystem_networkextension.dylib
0x0000000008ced000 	/usr/lib/system/libsystem_notify.dylib
0x0000000008ced000 	/usr/lib/system/libsystem_platform.dylib
0x0000000008ced000 	/usr/lib/system/libsystem_pthread.dylib
0x0000000008ced000 	/usr/lib/system/libsystem_sandbox.dylib
0x0000000008ced000 	/usr/lib/system/libsystem_secinit.dylib
0x0000000008ced000 	/usr/lib/system/libsystem_stats.dylib
0x0000000008ced000 	/usr/lib/system/libsystem_trace.dylib
0x0000000008ced000 	/usr/lib/system/libunc.dylib
0x0000000008ced000 	/usr/lib/system/libunwind.dylib
0x0000000008ced000 	/usr/lib/system/libxpc.dylib
0x0000000008ced000 	/usr/lib/libbz2.1.0.dylib
0x0000000008ced000 	/usr/lib/liblzma.5.dylib
0x0000000008ced000 	/usr/lib/libbsm.0.dylib
0x0000000008ced000 	/usr/lib/libsqlite3.dylib
0x0000000008ced000 	/usr/lib/system/libkxld.dylib
0x0000000008ced000 	/usr/lib/libxar.1.dylib
0x0000000008ced000 	/usr/lib/libpam.2.dylib
0x0000000008ced000 	/usr/lib/libOpenScriptingUtil.dylib
0x0000000008ced000 	/System/Library/Frameworks/CoreServices.framework/Versions/A/Frameworks/FSEvents.framework/Versions/A/FSEvents
0x0000000008ced000 	/System/Library/Frameworks/CoreServices.framework/Versions/A/Frameworks/CarbonCore.framework/Versions/A/CarbonCore
0x0000000008ced000 	/System/Library/Frameworks/CoreServices.framework/Versions/A/Frameworks/Metadata.framework/Versions/A/Metadata
0x0000000008ced000 	/System/Library/Frameworks/CoreServices.framework/Versions/A/Frameworks/OSServices.framework/Versions/A/OSServices
0x0000000008ced000 	/System/Library/Frameworks/CoreServices.framework/Versions/A/Frameworks/SearchKit.framework/Versions/A/SearchKit
0x0000000008ced000 	/System/Library/Frameworks/CoreServices.framework/Versions/A/Frameworks/AE.framework/Versions/A/AE
0x0000000008ced000 	/System/Library/Frameworks/CoreServices.framework/Versions/A/Frameworks/LaunchServices.framework/Versions/A/LaunchServices
0x0000000008ced000 	/System/Library/Frameworks/CoreServices.framework/Versions/A/Frameworks/DictionaryServices.framework/Versions/A/DictionaryServices
0x0000000008ced000 	/System/Library/Frameworks/NetFS.framework/Versions/A/NetFS
0x0000000008ced000 	/System/Library/PrivateFrameworks/NetAuth.framework/Versions/A/NetAuth
0x0000000008ced000 	/System/Library/PrivateFrameworks/login.framework/Versions/A/Frameworks/loginsupport.framework/Versions/A/loginsupport
0x0000000008ced000 	/System/Library/PrivateFrameworks/TCC.framework/Versions/A/TCC
0x0000000008ced000 	/usr/lib/libmecabra.dylib
0x0000000008ced000 	/System/Library/Frameworks/ApplicationServices.framework/Versions/A/Frameworks/ATS.framework/Versions/A/ATS
0x0000000008ced000 	/System/Library/Frameworks/ApplicationServices.framework/Versions/A/Frameworks/ColorSync.framework/Versions/A/ColorSync
0x0000000008ced000 	/System/Library/Frameworks/ApplicationServices.framework/Versions/A/Frameworks/HIServices.framework/Versions/A/HIServices
0x0000000008ced000 	/System/Library/Frameworks/ApplicationServices.framework/Versions/A/Frameworks/LangAnalysis.framework/Versions/A/LangAnalysis
0x0000000008ced000 	/System/Library/Frameworks/ApplicationServices.framework/Versions/A/Frameworks/PrintCore.framework/Versions/A/PrintCore
0x0000000008ced000 	/System/Library/Frameworks/ApplicationServices.framework/Versions/A/Frameworks/QD.framework/Versions/A/QD
0x0000000008ced000 	/System/Library/Frameworks/ApplicationServices.framework/Versions/A/Frameworks/SpeechSynthesis.framework/Versions/A/SpeechSynthesis
0x0000000008ced000 	/System/Library/Frameworks/Accelerate.framework/Versions/A/Accelerate
0x0000000008ced000 	/System/Library/Frameworks/Accelerate.framework/Versions/A/Frameworks/vImage.framework/Versions/A/vImage
0x0000000008ced000 	/System/Library/Frameworks/Accelerate.framework/Versions/A/Frameworks/vecLib.framework/Versions/A/vecLib
0x0000000008ced000 	/System/Library/Frameworks/Accelerate.framework/Versions/A/Frameworks/vecLib.framework/Versions/A/libvDSP.dylib
0x0000000008ced000 	/System/Library/Frameworks/Accelerate.framework/Versions/A/Frameworks/vecLib.framework/Versions/A/libvMisc.dylib
0x0000000008ced000 	/System/Library/Frameworks/Accelerate.framework/Versions/A/Frameworks/vecLib.framework/Versions/A/libLAPACK.dylib
0x0000000008ced000 	/System/Library/Frameworks/Accelerate.framework/Versions/A/Frameworks/vecLib.framework/Versions/A/libBLAS.dylib
0x0000000008ced000 	/System/Library/Frameworks/Accelerate.framework/Versions/A/Frameworks/vecLib.framework/Versions/A/libLinearAlgebra.dylib
0x0000000008ced000 	/System/Library/Frameworks/ApplicationServices.framework/Versions/A/Frameworks/ATS.framework/Versions/A/Resources/libFontParser.dylib
0x0000000008ced000 	/System/Library/Frameworks/ApplicationServices.framework/Versions/A/Frameworks/ATS.framework/Versions/A/Resources/libFontRegistry.dylib
0x0000000008ced000 	/System/Library/PrivateFrameworks/AppleVPA.framework/Versions/A/AppleVPA
0x0000000008ced000 	/System/Library/PrivateFrameworks/AppleJPEG.framework/Versions/A/AppleJPEG
0x0000000008ced000 	/System/Library/Frameworks/ImageIO.framework/Versions/A/Resources/libJPEG.dylib
0x0000000008ced000 	/System/Library/Frameworks/ImageIO.framework/Versions/A/Resources/libTIFF.dylib
0x0000000008ced000 	/System/Library/Frameworks/ImageIO.framework/Versions/A/Resources/libPng.dylib
0x0000000008ced000 	/System/Library/Frameworks/ImageIO.framework/Versions/A/Resources/libGIF.dylib
0x0000000008ced000 	/System/Library/Frameworks/ImageIO.framework/Versions/A/Resources/libJP2.dylib
0x0000000008ced000 	/System/Library/Frameworks/ImageIO.framework/Versions/A/Resources/libRadiance.dylib
0x0000000008ced000 	/System/Library/Frameworks/CoreVideo.framework/Versions/A/CoreVideo
0x0000000008ced000 	/System/Library/Frameworks/OpenGL.framework/Versions/A/Libraries/libGLU.dylib
0x0000000008ced000 	/System/Library/Frameworks/OpenGL.framework/Versions/A/Libraries/libGFXShared.dylib
0x0000000008ced000 	/System/Library/Frameworks/OpenGL.framework/Versions/A/Libraries/libGL.dylib
0x0000000008ced000 	/System/Library/Frameworks/OpenGL.framework/Versions/A/Libraries/libGLImage.dylib
0x0000000008ced000 	/System/Library/Frameworks/OpenGL.framework/Versions/A/Libraries/libCVMSPluginSupport.dylib
0x0000000008ced000 	/System/Library/Frameworks/OpenGL.framework/Versions/A/Libraries/libCoreVMClient.dylib
0x0000000008ced000 	/usr/lib/libcups.2.dylib
0x0000000008ced000 	/System/Library/Frameworks/Kerberos.framework/Versions/A/Kerberos
0x0000000008ced000 	/System/Library/Frameworks/GSS.framework/Versions/A/GSS
0x0000000008ced000 	/usr/lib/libresolv.9.dylib
0x0000000008ced000 	/usr/lib/libiconv.2.dylib
0x0000000008ced000 	/System/Library/PrivateFrameworks/Heimdal.framework/Versions/A/Heimdal
0x0000000008ced000 	/usr/lib/libheimdal-asn1.dylib
0x0000000008ced000 	/System/Library/Frameworks/OpenDirectory.framework/Versions/A/OpenDirectory
0x0000000008ced000 	/System/Library/PrivateFrameworks/CommonAuth.framework/Versions/A/CommonAuth
0x0000000008ced000 	/System/Library/Frameworks/OpenDirectory.framework/Versions/A/Frameworks/CFOpenDirectory.framework/Versions/A/CFOpenDirectory
0x0000000008ced000 	/System/Library/Frameworks/SecurityFoundation.framework/Versions/A/SecurityFoundation
0x0000000008ced000 	/System/Library/PrivateFrameworks/LanguageModeling.framework/Versions/A/LanguageModeling
0x0000000008ced000 	/usr/lib/libcmph.dylib
0x0000000008ced000 	/System/Library/Frameworks/ServiceManagement.framework/Versions/A/ServiceManagement
0x0000000008ced000 	/usr/lib/libxslt.1.dylib
0x0000000008ced000 	/System/Library/Frameworks/Carbon.framework/Versions/A/Frameworks/Ink.framework/Versions/A/Ink
0x0000000008ced000 	/System/Library/Frameworks/QuartzCore.framework/Versions/A/Frameworks/CoreImage.framework/Versions/A/CoreImage
0x0000000008ced000 	/System/Library/PrivateFrameworks/CrashReporterSupport.framework/Versions/A/CrashReporterSupport
0x0000000008ced000 	/System/Library/Frameworks/OpenCL.framework/Versions/A/OpenCL
0x0000000008ced000 	/System/Library/PrivateFrameworks/FaceCore.framework/Versions/A/FaceCore
0x0000000008ced000 	/System/Library/PrivateFrameworks/Ubiquity.framework/Versions/A/Ubiquity
0x0000000008ced000 	/System/Library/PrivateFrameworks/IconServices.framework/Versions/A/IconServices
0x0000000008ced000 	/System/Library/PrivateFrameworks/ChunkingLibrary.framework/Versions/A/ChunkingLibrary
0x0000000008ced000 	/System/Library/PrivateFrameworks/Apple80211.framework/Versions/A/Apple80211
0x0000000008ced000 	/System/Library/Frameworks/CoreWLAN.framework/Versions/A/CoreWLAN
0x0000000008ced000 	/System/Library/Frameworks/IOBluetooth.framework/Versions/A/IOBluetooth
0x0000000008ced000 	/System/Library/PrivateFrameworks/CoreWiFi.framework/Versions/A/CoreWiFi
0x0000000008ced000 	/System/Library/Frameworks/CoreBluetooth.framework/Versions/A/CoreBluetooth
0x0000000008ced000 	/System/Library/PrivateFrameworks/DebugSymbols.framework/Versions/A/DebugSymbols
0x0000000008ced000 	/System/Library/PrivateFrameworks/CoreSymbolication.framework/Versions/A/CoreSymbolication
0x0000000008ced000 	/System/Library/PrivateFrameworks/Symbolication.framework/Versions/A/Symbolication
0x0000000008ced000 	/System/Library/PrivateFrameworks/SpeechRecognitionCore.framework/Versions/A/SpeechRecognitionCore
0x0000000104400000 	/Library/Java/JavaVirtualMachines/jdk1.8.0_31.jdk/Contents/Home/jre/lib/server/libjvm.dylib
0x0000000008ced000 	/usr/lib/libstdc++.6.dylib
0x0000000103b28000 	/Library/Java/JavaVirtualMachines/jdk1.8.0_31.jdk/Contents/Home/jre/lib/libverify.dylib
0x0000000103b36000 	/Library/Java/JavaVirtualMachines/jdk1.8.0_31.jdk/Contents/Home/jre/lib/libjava.dylib
0x0000000103b74000 	/Library/Java/JavaVirtualMachines/jdk1.8.0_31.jdk/Contents/Home/jre/lib/libzip.dylib
0x0000000118eb2000 	/System/Library/Frameworks/JavaVM.framework/Frameworks/JavaRuntimeSupport.framework/JavaRuntimeSupport
0x0000000118eca000 	/System/Library/Frameworks/JavaVM.framework/Versions/A/Frameworks/JavaNativeFoundation.framework/Versions/A/JavaNativeFoundation
0x0000000118edf000 	/System/Library/Frameworks/JavaVM.framework/Versions/A/JavaVM
0x0000000008ced000 	/System/Library/Frameworks/Carbon.framework/Versions/A/Carbon
0x0000000118eec000 	/System/Library/PrivateFrameworks/JavaLaunching.framework/Versions/A/JavaLaunching
0x0000000008ced000 	/System/Library/Frameworks/Carbon.framework/Versions/A/Frameworks/CommonPanels.framework/Versions/A/CommonPanels
0x0000000008ced000 	/System/Library/Frameworks/Carbon.framework/Versions/A/Frameworks/Help.framework/Versions/A/Help
0x0000000008ced000 	/System/Library/Frameworks/Carbon.framework/Versions/A/Frameworks/ImageCapture.framework/Versions/A/ImageCapture
0x0000000008ced000 	/System/Library/Frameworks/Carbon.framework/Versions/A/Frameworks/OpenScripting.framework/Versions/A/OpenScripting
0x0000000008ced000 	/System/Library/Frameworks/Carbon.framework/Versions/A/Frameworks/Print.framework/Versions/A/Print
0x0000000008ced000 	/System/Library/Frameworks/Carbon.framework/Versions/A/Frameworks/SecurityHI.framework/Versions/A/SecurityHI
0x000000011ae4e000 	/Library/Java/JavaVirtualMachines/jdk1.8.0_31.jdk/Contents/Home/jre/lib/libprism_es2.dylib
0x0000000008ced000 	/System/Library/Frameworks/OpenGL.framework/Versions/A/Resources/GLEngine.bundle/GLEngine
0x0000000008ced000 	/System/Library/Frameworks/OpenGL.framework/Versions/A/Libraries/libGLProgrammability.dylib
0x0000000000000000 	/System/Library/Extensions/AppleIntelHD5000GraphicsGLDriver.bundle/Contents/MacOS/AppleIntelHD5000GraphicsGLDriver
0x0000000008ced000 	/System/Library/PrivateFrameworks/IOAccelerator.framework/Versions/A/IOAccelerator
0x0000000008ced000 	/System/Library/PrivateFrameworks/GPUSupport.framework/Versions/A/Libraries/libGPUSupportMercury.dylib
0x0000000008ced000 	/System/Library/Frameworks/OpenGL.framework/Versions/A/Resources/GLRendererFloat.bundle/GLRendererFloat
0x0000000008ced000 	/System/Library/Frameworks/OpenCL.framework/Versions/A/Libraries/libcldcpuengine.dylib
0x0000000008ced000 	/System/Library/PrivateFrameworks/DiskImages.framework/Versions/A/DiskImages
0x0000000008ced000 	/System/Library/Frameworks/DiscRecording.framework/Versions/A/DiscRecording
0x0000000008ced000 	/usr/lib/libcsfde.dylib
0x0000000008ced000 	/usr/lib/libcurl.4.dylib
0x0000000008ced000 	/System/Library/PrivateFrameworks/MediaKit.framework/Versions/A/MediaKit
0x0000000008ced000 	/System/Library/PrivateFrameworks/ProtectedCloudStorage.framework/Versions/A/ProtectedCloudStorage
0x0000000008ced000 	/usr/lib/libCoreStorage.dylib
0x0000000008ced000 	/System/Library/PrivateFrameworks/EFILogin.framework/Versions/A/EFILogin
0x0000000008ced000 	/usr/lib/libutil.dylib
0x0000000008ced000 	/System/Library/PrivateFrameworks/FindMyDevice.framework/Versions/A/FindMyDevice
0x0000000008ced000 	/System/Library/Frameworks/LDAP.framework/Versions/A/LDAP
0x0000000008ced000 	/usr/lib/libsasl2.2.dylib
0x0000000008ced000 	/System/Library/PrivateFrameworks/CoreDaemon.framework/Versions/B/CoreDaemon
0x0000000008ced000 	/usr/lib/libcrypto.0.9.8.dylib
0x0000000008ced000 	/System/Library/PrivateFrameworks/AppleSRP.framework/Versions/A/AppleSRP
0x0000000008ced000 	/System/Library/PrivateFrameworks/TrustEvaluationAgent.framework/Versions/A/TrustEvaluationAgent
0x000000011b37d000 	/Library/Java/JavaVirtualMachines/jdk1.8.0_31.jdk/Contents/Home/jre/lib/libglass.dylib
0x0000000008ced000 	/System/Library/PrivateFrameworks/CoreServicesInternal.framework/Versions/A/CoreServicesInternal
0x0000000008ced000 	/System/Library/PrivateFrameworks/CloudDocs.framework/Versions/A/CloudDocs
0x0000000008ced000 	/System/Library/PrivateFrameworks/CoreDuet.framework/Versions/A/CoreDuet
0x0000000008ced000 	/System/Library/Frameworks/CloudKit.framework/Versions/A/CloudKit
0x0000000008ced000 	/System/Library/PrivateFrameworks/ProtocolBuffer.framework/Versions/A/ProtocolBuffer
0x0000000008ced000 	/System/Library/PrivateFrameworks/CoreDuetDaemonProtocol.framework/Versions/A/CoreDuetDaemonProtocol
0x0000000008ced000 	/System/Library/PrivateFrameworks/CoreDuetDebugLogging.framework/Versions/A/CoreDuetDebugLogging
0x0000000008ced000 	/System/Library/Frameworks/CoreLocation.framework/Versions/A/CoreLocation
0x0000000008ced000 	/System/Library/Frameworks/Accounts.framework/Versions/A/Accounts
0x0000000008ced000 	/System/Library/PrivateFrameworks/ApplePushService.framework/Versions/A/ApplePushService
0x0000000008ced000 	/System/Library/PrivateFrameworks/GeoServices.framework/Versions/A/GeoServices
0x0000000008ced000 	/System/Library/PrivateFrameworks/OAuth.framework/Versions/A/OAuth
0x0000000008ced000 	/System/Library/Frameworks/CoreGraphics.framework/Versions/A/Resources/libCGCMS.A.dylib
0x0000000008ced000 	/System/Library/CoreServices/RawCamera.bundle/Contents/MacOS/RawCamera
0x0000000008ced000 	/System/Library/Frameworks/CoreGraphics.framework/Versions/A/Resources/libRIP.A.dylib
0x0000000008ced000 	/System/Library/PrivateFrameworks/FamilyControls.framework/Versions/A/FamilyControls
0x0000000008ced000 	/System/Library/PrivateFrameworks/CommerceKit.framework/Versions/A/Frameworks/CommerceCore.framework/Versions/A/CommerceCore
0x0000000008ced000 	/System/Library/PrivateFrameworks/SystemAdministration.framework/Versions/A/SystemAdministration
0x0000000008ced000 	/System/Library/PrivateFrameworks/AppContainer.framework/Versions/A/AppContainer
0x0000000008ced000 	/System/Library/PrivateFrameworks/SecCodeWrapper.framework/Versions/A/SecCodeWrapper
0x0000000008ced000 	/System/Library/Frameworks/DirectoryService.framework/Versions/A/DirectoryService
0x0000000008ced000 	/System/Library/PrivateFrameworks/LoginUIKit.framework/Versions/A/Frameworks/LoginUICore.framework/Versions/A/LoginUICore
0x0000000008ced000 	/usr/lib/libodfde.dylib
0x000000011e879000 	/Library/Java/JavaVirtualMachines/jdk1.8.0_31.jdk/Contents/Home/jre/lib/libjavafx_font.dylib
0x0000000008ced000 	/System/Library/Frameworks/CoreGraphics.framework/Versions/A/Resources/libCGXType.A.dylib
0x0000000120438000 	cl_kernels
0x000000012043a000 	/System/Library/Frameworks/OpenCL.framework/Versions/A/Libraries/ImageFormats/unorm8_bgra.dylib
0x0000000120564000 	cl_kernels
0x0000000120679000 	/Library/Java/JavaVirtualMachines/jdk1.8.0_31.jdk/Contents/Home/jre/lib/libprism_common.dylib

VM Arguments:
jvm_args: -Dfile.encoding=UTF-8 
java_command: ThreadedRaceCar
java_class_path (initial): /Users/allisonsmith/Documents/Java/ThreadedRaceCar/bin
Launcher Type: SUN_STANDARD

Environment Variables:
PATH=/usr/bin:/bin:/usr/sbin:/sbin
SHELL=/bin/bash

Signal Handlers:
SIGSEGV: [libjvm.dylib+0x57a0e7], sa_mask[0]=11111111011111110111111111111111, sa_flags=SA_ONSTACK|SA_RESTART|SA_SIGINFO
SIGBUS: [libjvm.dylib+0x57a0e7], sa_mask[0]=11111111011111110111111111111111, sa_flags=SA_RESTART|SA_SIGINFO
SIGFPE: [libjvm.dylib+0x45af24], sa_mask[0]=11111111011111110111111111111111, sa_flags=SA_RESTART|SA_SIGINFO
SIGPIPE: [libjvm.dylib+0x45af24], sa_mask[0]=11111111011111110111111111111111, sa_flags=SA_RESTART|SA_SIGINFO
SIGXFSZ: [libjvm.dylib+0x45af24], sa_mask[0]=11111111011111110111111111111111, sa_flags=SA_RESTART|SA_SIGINFO
SIGILL: [libjvm.dylib+0x45af24], sa_mask[0]=11111111011111110111111111111111, sa_flags=SA_RESTART|SA_SIGINFO
SIGUSR1: SIG_DFL, sa_mask[0]=00000000000000000000000000000000, sa_flags=none
SIGUSR2: [libjvm.dylib+0x45aa42], sa_mask[0]=00100000000000000000000000000000, sa_flags=SA_RESTART|SA_SIGINFO
SIGHUP: [libjvm.dylib+0x459015], sa_mask[0]=11111111011111110111111111111111, sa_flags=SA_RESTART|SA_SIGINFO
SIGINT: [libjvm.dylib+0x459015], sa_mask[0]=11111111011111110111111111111111, sa_flags=SA_RESTART|SA_SIGINFO
SIGTERM: [libjvm.dylib+0x459015], sa_mask[0]=11111111011111110111111111111111, sa_flags=SA_RESTART|SA_SIGINFO
SIGQUIT: [libjvm.dylib+0x459015], sa_mask[0]=11111111011111110111111111111111, sa_flags=SA_RESTART|SA_SIGINFO


---------------  S Y S T E M  ---------------

OS:Bsduname:Darwin 14.1.0 Darwin Kernel Version 14.1.0: Thu Feb 26 19:26:47 PST 2015; root:xnu-2782.10.73~1/RELEASE_X86_64 x86_64
rlimit: STACK 8192k, CORE 0k, NPROC 709, NOFILE 10240, AS infinity
load average:7.36 2.81 1.81

CPU:total 4 (2 cores per cpu, 2 threads per core) family 6 model 69 stepping 1, cmov, cx8, fxsr, mmx, sse, sse2, sse3, ssse3, sse4.1, sse4.2, popcnt, avx, avx2, aes, clmul, erms, lzcnt, ht, tsc, tscinvbit, bmi1, bmi2

Memory: 4k page, physical 4194304k(2587560k free)

/proc/meminfo:


vm_info: Java HotSpot(TM) 64-Bit Server VM (25.31-b07) for bsd-amd64 JRE (1.8.0_31-b13), built on Dec 17 2014 20:45:36 by "java_re" with gcc 4.2.1 (Based on Apple Inc. build 5658) (LLVM build 2336.11.00)

time: Sat Mar 14 10:46:56 2015
elapsed time: 429 seconds (0d 0h 7m 9s)

